2013-02-20 15:42:18 Error: [MissingControllerException] Controller class Admin.groupsController could not be found.
Exception Attributes: array (
  'class' => 'Admin.groupsController',
  'plugin' => NULL,
)
Request URL: /cakequote/admin.groups/view/3
Stack Trace:
#0 /Users/sego/Sites/cakequote/app/webroot/index.php(97): Dispatcher->dispatch(Object(CakeRequest), Object(CakeResponse))
#1 {main}
2013-02-20 16:34:14 Error: [MissingActionException] Action UsersController::login() could not be found.
Exception Attributes: array (
  'controller' => 'UsersController',
  'action' => 'login',
)
Request URL: /cakequote/users/login
Stack Trace:
#0 /Users/sego/Sites/cakequote/lib/Cake/Routing/Dispatcher.php(186): Controller->invokeAction(Object(CakeRequest))
#1 /Users/sego/Sites/cakequote/lib/Cake/Routing/Dispatcher.php(161): Dispatcher->_invoke(Object(UsersController), Object(CakeRequest), Object(CakeResponse))
#2 /Users/sego/Sites/cakequote/app/webroot/index.php(97): Dispatcher->dispatch(Object(CakeRequest), Object(CakeResponse))
#3 {main}
2013-02-20 16:38:21 Error: [MissingActionException] Action UsersController::login() could not be found.
Exception Attributes: array (
  'controller' => 'UsersController',
  'action' => 'login',
)
Request URL: /cakequote/users/login
Stack Trace:
#0 /Users/sego/Sites/cakequote/lib/Cake/Routing/Dispatcher.php(186): Controller->invokeAction(Object(CakeRequest))
#1 /Users/sego/Sites/cakequote/lib/Cake/Routing/Dispatcher.php(161): Dispatcher->_invoke(Object(UsersController), Object(CakeRequest), Object(CakeResponse))
#2 /Users/sego/Sites/cakequote/app/webroot/index.php(97): Dispatcher->dispatch(Object(CakeRequest), Object(CakeResponse))
#3 {main}
2013-02-20 16:39:48 Error: [MissingActionException] Action UsersController::login() could not be found.
Exception Attributes: array (
  'controller' => 'UsersController',
  'action' => 'login',
)
Request URL: /cakequote/users/login
Stack Trace:
#0 /Users/sego/Sites/cakequote/lib/Cake/Routing/Dispatcher.php(186): Controller->invokeAction(Object(CakeRequest))
#1 /Users/sego/Sites/cakequote/lib/Cake/Routing/Dispatcher.php(161): Dispatcher->_invoke(Object(UsersController), Object(CakeRequest), Object(CakeResponse))
#2 /Users/sego/Sites/cakequote/app/webroot/index.php(97): Dispatcher->dispatch(Object(CakeRequest), Object(CakeResponse))
#3 {main}
2013-02-20 16:39:53 Error: [MissingActionException] Action UsersController::login() could not be found.
Exception Attributes: array (
  'controller' => 'UsersController',
  'action' => 'login',
)
Request URL: /cakequote/users/login
Stack Trace:
#0 /Users/sego/Sites/cakequote/lib/Cake/Routing/Dispatcher.php(186): Controller->invokeAction(Object(CakeRequest))
#1 /Users/sego/Sites/cakequote/lib/Cake/Routing/Dispatcher.php(161): Dispatcher->_invoke(Object(UsersController), Object(CakeRequest), Object(CakeResponse))
#2 /Users/sego/Sites/cakequote/app/webroot/index.php(97): Dispatcher->dispatch(Object(CakeRequest), Object(CakeResponse))
#3 {main}
2013-02-20 16:42:05 Error: [MissingActionException] Action UsersController::login() could not be found.
Exception Attributes: array (
  'controller' => 'UsersController',
  'action' => 'login',
)
Request URL: /cakequote/users/login
Stack Trace:
#0 /Users/sego/Sites/cakequote/lib/Cake/Routing/Dispatcher.php(186): Controller->invokeAction(Object(CakeRequest))
#1 /Users/sego/Sites/cakequote/lib/Cake/Routing/Dispatcher.php(161): Dispatcher->_invoke(Object(UsersController), Object(CakeRequest), Object(CakeResponse))
#2 /Users/sego/Sites/cakequote/app/webroot/index.php(97): Dispatcher->dispatch(Object(CakeRequest), Object(CakeResponse))
#3 {main}
2013-02-20 16:50:14 Error: Fatal Error (4): syntax error, unexpected ')' in [/Users/sego/Sites/cakequote/app/Controller/UsersController.php, line 20]
2013-02-20 16:50:14 Error: [FatalErrorException] syntax error, unexpected ')'
Request URL: /cakequote/users/login
Stack Trace:
#0 /Users/sego/Sites/cakequote/lib/Cake/Error/ErrorHandler.php(183): ErrorHandler::handleFatalError(4, 'syntax error, u...', '/Users/sego/Sit...', 20)
#1 [internal function]: ErrorHandler::handleError(4, 'syntax error, u...', '/Users/sego/Sit...', 20, Array)
#2 /Users/sego/Sites/cakequote/lib/Cake/Core/App.php(926): call_user_func('ErrorHandler::h...', 4, 'syntax error, u...', '/Users/sego/Sit...', 20, Array)
#3 /Users/sego/Sites/cakequote/lib/Cake/Core/App.php(899): App::_checkFatalError()
#4 [internal function]: App::shutdown()
#5 {main}
2013-02-20 16:50:29 Error: Fatal Error (4): syntax error, unexpected ')' in [/Users/sego/Sites/cakequote/app/Controller/UsersController.php, line 26]
2013-02-20 16:50:29 Error: [FatalErrorException] syntax error, unexpected ')'
Request URL: /cakequote/users/login
Stack Trace:
#0 /Users/sego/Sites/cakequote/lib/Cake/Error/ErrorHandler.php(183): ErrorHandler::handleFatalError(4, 'syntax error, u...', '/Users/sego/Sit...', 26)
#1 [internal function]: ErrorHandler::handleError(4, 'syntax error, u...', '/Users/sego/Sit...', 26, Array)
#2 /Users/sego/Sites/cakequote/lib/Cake/Core/App.php(926): call_user_func('ErrorHandler::h...', 4, 'syntax error, u...', '/Users/sego/Sit...', 26, Array)
#3 /Users/sego/Sites/cakequote/lib/Cake/Core/App.php(899): App::_checkFatalError()
#4 [internal function]: App::shutdown()
#5 {main}
2013-02-20 16:50:30 Error: Fatal Error (4): syntax error, unexpected ')' in [/Users/sego/Sites/cakequote/app/Controller/UsersController.php, line 26]
2013-02-20 16:50:30 Error: [FatalErrorException] syntax error, unexpected ')'
Request URL: /cakequote/users/login
Stack Trace:
#0 /Users/sego/Sites/cakequote/lib/Cake/Error/ErrorHandler.php(183): ErrorHandler::handleFatalError(4, 'syntax error, u...', '/Users/sego/Sit...', 26)
#1 [internal function]: ErrorHandler::handleError(4, 'syntax error, u...', '/Users/sego/Sit...', 26, Array)
#2 /Users/sego/Sites/cakequote/lib/Cake/Core/App.php(926): call_user_func('ErrorHandler::h...', 4, 'syntax error, u...', '/Users/sego/Sit...', 26, Array)
#3 /Users/sego/Sites/cakequote/lib/Cake/Core/App.php(899): App::_checkFatalError()
#4 [internal function]: App::shutdown()
#5 {main}
2013-02-20 16:50:32 Error: Fatal Error (4): syntax error, unexpected ')' in [/Users/sego/Sites/cakequote/app/Controller/UsersController.php, line 26]
2013-02-20 16:50:32 Error: [FatalErrorException] syntax error, unexpected ')'
Request URL: /cakequote/users/login
Stack Trace:
#0 /Users/sego/Sites/cakequote/lib/Cake/Error/ErrorHandler.php(183): ErrorHandler::handleFatalError(4, 'syntax error, u...', '/Users/sego/Sit...', 26)
#1 [internal function]: ErrorHandler::handleError(4, 'syntax error, u...', '/Users/sego/Sit...', 26, Array)
#2 /Users/sego/Sites/cakequote/lib/Cake/Core/App.php(926): call_user_func('ErrorHandler::h...', 4, 'syntax error, u...', '/Users/sego/Sit...', 26, Array)
#3 /Users/sego/Sites/cakequote/lib/Cake/Core/App.php(899): App::_checkFatalError()
#4 [internal function]: App::shutdown()
#5 {main}
2013-02-20 17:15:42 Error: Fatal Error (4): syntax error, unexpected ';', expecting ':' in [/Users/sego/Sites/cakequote/app/View/Layouts/default.ctp, line 48]
2013-02-20 17:15:42 Error: [FatalErrorException] syntax error, unexpected ';', expecting ':'
Request URL: /cakequote/
Stack Trace:
#0 /Users/sego/Sites/cakequote/lib/Cake/Error/ErrorHandler.php(183): ErrorHandler::handleFatalError(4, 'syntax error, u...', '/Users/sego/Sit...', 48)
#1 [internal function]: ErrorHandler::handleError(4, 'syntax error, u...', '/Users/sego/Sit...', 48, Array)
#2 /Users/sego/Sites/cakequote/lib/Cake/Core/App.php(926): call_user_func('ErrorHandler::h...', 4, 'syntax error, u...', '/Users/sego/Sit...', 48, Array)
#3 /Users/sego/Sites/cakequote/lib/Cake/Core/App.php(899): App::_checkFatalError()
#4 [internal function]: App::shutdown()
#5 {main}
2013-02-20 17:54:51 Error: Fatal Error (4): syntax error, unexpected ';', expecting T_FUNCTION in [/Users/sego/Sites/cakequote/app/Controller/AppController.php, line 59]
2013-02-20 17:54:51 Error: [FatalErrorException] syntax error, unexpected ';', expecting T_FUNCTION
Request URL: /cakequote/users/edit/3
Stack Trace:
#0 /Users/sego/Sites/cakequote/lib/Cake/Error/ErrorHandler.php(183): ErrorHandler::handleFatalError(4, 'syntax error, u...', '/Users/sego/Sit...', 59)
#1 [internal function]: ErrorHandler::handleError(4, 'syntax error, u...', '/Users/sego/Sit...', 59, Array)
#2 /Users/sego/Sites/cakequote/lib/Cake/Core/App.php(926): call_user_func('ErrorHandler::h...', 4, 'syntax error, u...', '/Users/sego/Sit...', 59, Array)
#3 /Users/sego/Sites/cakequote/lib/Cake/Core/App.php(899): App::_checkFatalError()
#4 [internal function]: App::shutdown()
#5 {main}
2013-02-20 17:56:36 Error: Fatal Error (4): syntax error, unexpected ';', expecting T_FUNCTION in [/Users/sego/Sites/cakequote/app/Controller/AppController.php, line 59]
2013-02-20 17:56:36 Error: [FatalErrorException] syntax error, unexpected ';', expecting T_FUNCTION
Request URL: /cakequote/users/edit/3
Stack Trace:
#0 /Users/sego/Sites/cakequote/lib/Cake/Error/ErrorHandler.php(183): ErrorHandler::handleFatalError(4, 'syntax error, u...', '/Users/sego/Sit...', 59)
#1 [internal function]: ErrorHandler::handleError(4, 'syntax error, u...', '/Users/sego/Sit...', 59, Array)
#2 /Users/sego/Sites/cakequote/lib/Cake/Core/App.php(926): call_user_func('ErrorHandler::h...', 4, 'syntax error, u...', '/Users/sego/Sit...', 59, Array)
#3 /Users/sego/Sites/cakequote/lib/Cake/Core/App.php(899): App::_checkFatalError()
#4 [internal function]: App::shutdown()
#5 {main}
2013-02-20 18:54:33 Error: Fatal Error (1): Call to undefined function user() in [/Users/sego/Sites/cakequote/app/Controller/QuotesController.php, line 66]
2013-02-20 18:54:33 Error: [FatalErrorException] Call to undefined function user()
Request URL: /cakequote/quotes/add
Stack Trace:
#0 /Users/sego/Sites/cakequote/lib/Cake/Error/ErrorHandler.php(183): ErrorHandler::handleFatalError(1, 'Call to undefin...', '/Users/sego/Sit...', 66)
#1 [internal function]: ErrorHandler::handleError(1, 'Call to undefin...', '/Users/sego/Sit...', 66, Array)
#2 /Users/sego/Sites/cakequote/lib/Cake/Core/App.php(926): call_user_func('ErrorHandler::h...', 1, 'Call to undefin...', '/Users/sego/Sit...', 66, Array)
#3 /Users/sego/Sites/cakequote/lib/Cake/Core/App.php(899): App::_checkFatalError()
#4 [internal function]: App::shutdown()
#5 {main}
2013-02-21 23:05:25 Error: [MissingActionException] Action UsersController::admin_login() could not be found.
Exception Attributes: array (
  'controller' => 'UsersController',
  'action' => 'admin_login',
)
Request URL: /cakequote/admin/users/login
Stack Trace:
#0 /Users/sego/Sites/cakequote/lib/Cake/Routing/Dispatcher.php(186): Controller->invokeAction(Object(CakeRequest))
#1 /Users/sego/Sites/cakequote/lib/Cake/Routing/Dispatcher.php(161): Dispatcher->_invoke(Object(UsersController), Object(CakeRequest), Object(CakeResponse))
#2 /Users/sego/Sites/cakequote/app/webroot/index.php(97): Dispatcher->dispatch(Object(CakeRequest), Object(CakeResponse))
#3 {main}
2013-02-21 23:05:39 Error: [MissingActionException] Action UsersController::admin_login() could not be found.
Exception Attributes: array (
  'controller' => 'UsersController',
  'action' => 'admin_login',
)
Request URL: /cakequote/admin/users/login
Stack Trace:
#0 /Users/sego/Sites/cakequote/lib/Cake/Routing/Dispatcher.php(186): Controller->invokeAction(Object(CakeRequest))
#1 /Users/sego/Sites/cakequote/lib/Cake/Routing/Dispatcher.php(161): Dispatcher->_invoke(Object(UsersController), Object(CakeRequest), Object(CakeResponse))
#2 /Users/sego/Sites/cakequote/app/webroot/index.php(97): Dispatcher->dispatch(Object(CakeRequest), Object(CakeResponse))
#3 {main}
2013-02-21 23:12:44 Error: [MissingControllerException] Controller class AdminController could not be found.
Exception Attributes: array (
  'class' => 'AdminController',
  'plugin' => NULL,
)
Request URL: /cakequote/admin/
Stack Trace:
#0 /Users/sego/Sites/cakequote/app/webroot/index.php(97): Dispatcher->dispatch(Object(CakeRequest), Object(CakeResponse))
#1 {main}
2013-02-21 23:29:41 Error: Fatal Error (4): syntax error, unexpected T_IS_EQUAL in [/Users/sego/Sites/cakequote/app/Config/routes.php, line 30]
2013-02-21 23:29:41 Error: [FatalErrorException] syntax error, unexpected T_IS_EQUAL
Request URL: /cakequote/users/logout
Stack Trace:
#0 /Users/sego/Sites/cakequote/lib/Cake/Error/ErrorHandler.php(183): ErrorHandler::handleFatalError(4, 'syntax error, u...', '/Users/sego/Sit...', 30)
#1 [internal function]: ErrorHandler::handleError(4, 'syntax error, u...', '/Users/sego/Sit...', 30, Array)
#2 /Users/sego/Sites/cakequote/lib/Cake/Core/App.php(926): call_user_func('ErrorHandler::h...', 4, 'syntax error, u...', '/Users/sego/Sit...', 30, Array)
#3 /Users/sego/Sites/cakequote/lib/Cake/Core/App.php(899): App::_checkFatalError()
#4 [internal function]: App::shutdown()
#5 {main}
2013-02-21 23:30:21 Error: Fatal Error (4): syntax error, unexpected T_IS_EQUAL in [/Users/sego/Sites/cakequote/app/Config/routes.php, line 30]
2013-02-21 23:30:21 Error: [FatalErrorException] syntax error, unexpected T_IS_EQUAL
Request URL: /cakequote/
Stack Trace:
#0 /Users/sego/Sites/cakequote/lib/Cake/Error/ErrorHandler.php(183): ErrorHandler::handleFatalError(4, 'syntax error, u...', '/Users/sego/Sit...', 30)
#1 [internal function]: ErrorHandler::handleError(4, 'syntax error, u...', '/Users/sego/Sit...', 30, Array)
#2 /Users/sego/Sites/cakequote/lib/Cake/Core/App.php(926): call_user_func('ErrorHandler::h...', 4, 'syntax error, u...', '/Users/sego/Sit...', 30, Array)
#3 /Users/sego/Sites/cakequote/lib/Cake/Core/App.php(899): App::_checkFatalError()
#4 [internal function]: App::shutdown()
#5 {main}
2013-02-21 23:42:53 Error: Fatal Error (4): syntax error, unexpected '}', expecting ',' or ';' in [/Users/sego/Sites/cakequote/app/View/Quotes/index.ctp, line 30]
2013-02-21 23:42:53 Error: [FatalErrorException] syntax error, unexpected '}', expecting ',' or ';'
Request URL: /cakequote/
Stack Trace:
#0 /Users/sego/Sites/cakequote/lib/Cake/Error/ErrorHandler.php(183): ErrorHandler::handleFatalError(4, 'syntax error, u...', '/Users/sego/Sit...', 30)
#1 [internal function]: ErrorHandler::handleError(4, 'syntax error, u...', '/Users/sego/Sit...', 30, Array)
#2 /Users/sego/Sites/cakequote/lib/Cake/Core/App.php(926): call_user_func('ErrorHandler::h...', 4, 'syntax error, u...', '/Users/sego/Sit...', 30, Array)
#3 /Users/sego/Sites/cakequote/lib/Cake/Core/App.php(899): App::_checkFatalError()
#4 [internal function]: App::shutdown()
#5 {main}
2013-02-21 23:53:50 Error: Fatal Error (4): syntax error, unexpected T_ENDIF in [/Users/sego/Sites/cakequote/app/View/Users/index.ctp, line 33]
2013-02-21 23:53:50 Error: [FatalErrorException] syntax error, unexpected T_ENDIF
Request URL: /cakequote/users
Stack Trace:
#0 /Users/sego/Sites/cakequote/lib/Cake/Error/ErrorHandler.php(183): ErrorHandler::handleFatalError(4, 'syntax error, u...', '/Users/sego/Sit...', 33)
#1 [internal function]: ErrorHandler::handleError(4, 'syntax error, u...', '/Users/sego/Sit...', 33, Array)
#2 /Users/sego/Sites/cakequote/lib/Cake/Core/App.php(926): call_user_func('ErrorHandler::h...', 4, 'syntax error, u...', '/Users/sego/Sit...', 33, Array)
#3 /Users/sego/Sites/cakequote/lib/Cake/Core/App.php(899): App::_checkFatalError()
#4 [internal function]: App::shutdown()
#5 {main}
2013-02-22 00:09:00 Error: Fatal Error (64): Cannot redeclare QuotesController::admin_add() in [/Users/sego/Sites/cakequote/app/Controller/QuotesController.php, line 174]
2013-02-22 00:09:00 Error: [FatalErrorException] Cannot redeclare QuotesController::admin_add()
Request URL: /cakequote/admin/quotes/add
Stack Trace:
#0 /Users/sego/Sites/cakequote/lib/Cake/Error/ErrorHandler.php(183): ErrorHandler::handleFatalError(64, 'Cannot redeclar...', '/Users/sego/Sit...', 174)
#1 [internal function]: ErrorHandler::handleError(64, 'Cannot redeclar...', '/Users/sego/Sit...', 174, Array)
#2 /Users/sego/Sites/cakequote/lib/Cake/Core/App.php(926): call_user_func('ErrorHandler::h...', 64, 'Cannot redeclar...', '/Users/sego/Sit...', 174, Array)
#3 /Users/sego/Sites/cakequote/lib/Cake/Core/App.php(899): App::_checkFatalError()
#4 [internal function]: App::shutdown()
#5 {main}
2013-02-22 00:24:41 Error: Fatal Error (4): syntax error, unexpected T_IS_NOT_EQUAL in [/Users/sego/Sites/cakequote/app/Controller/GroupsController.php, line 11]
2013-02-22 00:24:41 Error: [FatalErrorException] syntax error, unexpected T_IS_NOT_EQUAL
Request URL: /cakequote/groups
Stack Trace:
#0 /Users/sego/Sites/cakequote/lib/Cake/Error/ErrorHandler.php(183): ErrorHandler::handleFatalError(4, 'syntax error, u...', '/Users/sego/Sit...', 11)
#1 [internal function]: ErrorHandler::handleError(4, 'syntax error, u...', '/Users/sego/Sit...', 11, Array)
#2 /Users/sego/Sites/cakequote/lib/Cake/Core/App.php(926): call_user_func('ErrorHandler::h...', 4, 'syntax error, u...', '/Users/sego/Sit...', 11, Array)
#3 /Users/sego/Sites/cakequote/lib/Cake/Core/App.php(899): App::_checkFatalError()
#4 [internal function]: App::shutdown()
#5 {main}
2013-02-22 00:25:07 Error: Fatal Error (4): syntax error, unexpected T_IS_NOT_EQUAL in [/Users/sego/Sites/cakequote/app/Controller/GroupsController.php, line 11]
2013-02-22 00:25:07 Error: [FatalErrorException] syntax error, unexpected T_IS_NOT_EQUAL
Request URL: /cakequote/groups
Stack Trace:
#0 /Users/sego/Sites/cakequote/lib/Cake/Error/ErrorHandler.php(183): ErrorHandler::handleFatalError(4, 'syntax error, u...', '/Users/sego/Sit...', 11)
#1 [internal function]: ErrorHandler::handleError(4, 'syntax error, u...', '/Users/sego/Sit...', 11, Array)
#2 /Users/sego/Sites/cakequote/lib/Cake/Core/App.php(926): call_user_func('ErrorHandler::h...', 4, 'syntax error, u...', '/Users/sego/Sit...', 11, Array)
#3 /Users/sego/Sites/cakequote/lib/Cake/Core/App.php(899): App::_checkFatalError()
#4 [internal function]: App::shutdown()
#5 {main}
2013-02-22 00:25:08 Error: Fatal Error (4): syntax error, unexpected T_IS_NOT_EQUAL in [/Users/sego/Sites/cakequote/app/Controller/GroupsController.php, line 11]
2013-02-22 00:25:08 Error: [FatalErrorException] syntax error, unexpected T_IS_NOT_EQUAL
Request URL: /cakequote/groups
Stack Trace:
#0 /Users/sego/Sites/cakequote/lib/Cake/Error/ErrorHandler.php(183): ErrorHandler::handleFatalError(4, 'syntax error, u...', '/Users/sego/Sit...', 11)
#1 [internal function]: ErrorHandler::handleError(4, 'syntax error, u...', '/Users/sego/Sit...', 11, Array)
#2 /Users/sego/Sites/cakequote/lib/Cake/Core/App.php(926): call_user_func('ErrorHandler::h...', 4, 'syntax error, u...', '/Users/sego/Sit...', 11, Array)
#3 /Users/sego/Sites/cakequote/lib/Cake/Core/App.php(899): App::_checkFatalError()
#4 [internal function]: App::shutdown()
#5 {main}
2013-02-22 00:25:34 Error: Fatal Error (4): syntax error, unexpected '>' in [/Users/sego/Sites/cakequote/app/Controller/GroupsController.php, line 11]
2013-02-22 00:25:34 Error: [FatalErrorException] syntax error, unexpected '>'
Request URL: /cakequote/groups
Stack Trace:
#0 /Users/sego/Sites/cakequote/lib/Cake/Error/ErrorHandler.php(183): ErrorHandler::handleFatalError(4, 'syntax error, u...', '/Users/sego/Sit...', 11)
#1 [internal function]: ErrorHandler::handleError(4, 'syntax error, u...', '/Users/sego/Sit...', 11, Array)
#2 /Users/sego/Sites/cakequote/lib/Cake/Core/App.php(926): call_user_func('ErrorHandler::h...', 4, 'syntax error, u...', '/Users/sego/Sit...', 11, Array)
#3 /Users/sego/Sites/cakequote/lib/Cake/Core/App.php(899): App::_checkFatalError()
#4 [internal function]: App::shutdown()
#5 {main}
2013-02-22 00:26:02 Error: Fatal Error (4): syntax error, unexpected '>' in [/Users/sego/Sites/cakequote/app/Controller/GroupsController.php, line 11]
2013-02-22 00:26:02 Error: [FatalErrorException] syntax error, unexpected '>'
Request URL: /cakequote/groups
Stack Trace:
#0 /Users/sego/Sites/cakequote/lib/Cake/Error/ErrorHandler.php(183): ErrorHandler::handleFatalError(4, 'syntax error, u...', '/Users/sego/Sit...', 11)
#1 [internal function]: ErrorHandler::handleError(4, 'syntax error, u...', '/Users/sego/Sit...', 11, Array)
#2 /Users/sego/Sites/cakequote/lib/Cake/Core/App.php(926): call_user_func('ErrorHandler::h...', 4, 'syntax error, u...', '/Users/sego/Sit...', 11, Array)
#3 /Users/sego/Sites/cakequote/lib/Cake/Core/App.php(899): App::_checkFatalError()
#4 [internal function]: App::shutdown()
#5 {main}
2013-02-22 00:27:04 Error: Fatal Error (4): syntax error, unexpected '>' in [/Users/sego/Sites/cakequote/app/Controller/GroupsController.php, line 12]
2013-02-22 00:27:04 Error: [FatalErrorException] syntax error, unexpected '>'
Request URL: /cakequote/groups
Stack Trace:
#0 /Users/sego/Sites/cakequote/lib/Cake/Error/ErrorHandler.php(183): ErrorHandler::handleFatalError(4, 'syntax error, u...', '/Users/sego/Sit...', 12)
#1 [internal function]: ErrorHandler::handleError(4, 'syntax error, u...', '/Users/sego/Sit...', 12, Array)
#2 /Users/sego/Sites/cakequote/lib/Cake/Core/App.php(926): call_user_func('ErrorHandler::h...', 4, 'syntax error, u...', '/Users/sego/Sit...', 12, Array)
#3 /Users/sego/Sites/cakequote/lib/Cake/Core/App.php(899): App::_checkFatalError()
#4 [internal function]: App::shutdown()
#5 {main}
2013-02-22 00:28:06 Error: [MissingActionException] Action GroupsController::add() could not be found.
Exception Attributes: array (
  'controller' => 'GroupsController',
  'action' => 'add',
)
Request URL: /cakequote/groups/add
Stack Trace:
#0 /Users/sego/Sites/cakequote/lib/Cake/Routing/Dispatcher.php(186): Controller->invokeAction(Object(CakeRequest))
#1 /Users/sego/Sites/cakequote/lib/Cake/Routing/Dispatcher.php(161): Dispatcher->_invoke(Object(GroupsController), Object(CakeRequest), Object(CakeResponse))
#2 /Users/sego/Sites/cakequote/app/webroot/index.php(97): Dispatcher->dispatch(Object(CakeRequest), Object(CakeResponse))
#3 {main}
2013-02-22 00:28:22 Error: [MissingActionException] Action GroupsController::view() could not be found.
Exception Attributes: array (
  'controller' => 'GroupsController',
  'action' => 'view',
)
Request URL: /cakequote/groups/view/1
Stack Trace:
#0 /Users/sego/Sites/cakequote/lib/Cake/Routing/Dispatcher.php(186): Controller->invokeAction(Object(CakeRequest))
#1 /Users/sego/Sites/cakequote/lib/Cake/Routing/Dispatcher.php(161): Dispatcher->_invoke(Object(GroupsController), Object(CakeRequest), Object(CakeResponse))
#2 /Users/sego/Sites/cakequote/app/webroot/index.php(97): Dispatcher->dispatch(Object(CakeRequest), Object(CakeResponse))
#3 {main}
2013-02-22 00:30:04 Error: [MissingActionException] Action GroupsController::add() could not be found.
Exception Attributes: array (
  'controller' => 'GroupsController',
  'action' => 'add',
)
Request URL: /cakequote/groups/add
Stack Trace:
#0 /Users/sego/Sites/cakequote/lib/Cake/Routing/Dispatcher.php(186): Controller->invokeAction(Object(CakeRequest))
#1 /Users/sego/Sites/cakequote/lib/Cake/Routing/Dispatcher.php(161): Dispatcher->_invoke(Object(GroupsController), Object(CakeRequest), Object(CakeResponse))
#2 /Users/sego/Sites/cakequote/app/webroot/index.php(97): Dispatcher->dispatch(Object(CakeRequest), Object(CakeResponse))
#3 {main}
2013-02-22 00:31:13 Error: [MissingControllerException] Controller class AdminController could not be found.
Exception Attributes: array (
  'class' => 'AdminController',
  'plugin' => NULL,
)
Request URL: /cakequote/admin/
Stack Trace:
#0 /Users/sego/Sites/cakequote/app/webroot/index.php(97): Dispatcher->dispatch(Object(CakeRequest), Object(CakeResponse))
#1 {main}
2013-02-22 00:40:20 Error: [MissingActionException] Action GroupsController::add() could not be found.
Exception Attributes: array (
  'controller' => 'GroupsController',
  'action' => 'add',
)
Request URL: /cakequote/groups/add
Stack Trace:
#0 /Users/sego/Sites/cakequote/lib/Cake/Routing/Dispatcher.php(186): Controller->invokeAction(Object(CakeRequest))
#1 /Users/sego/Sites/cakequote/lib/Cake/Routing/Dispatcher.php(161): Dispatcher->_invoke(Object(GroupsController), Object(CakeRequest), Object(CakeResponse))
#2 /Users/sego/Sites/cakequote/app/webroot/index.php(97): Dispatcher->dispatch(Object(CakeRequest), Object(CakeResponse))
#3 {main}
2013-02-22 01:05:44 Error: [MissingActionException] Action GroupsController::add() could not be found.
Exception Attributes: array (
  'controller' => 'GroupsController',
  'action' => 'add',
)
Request URL: /cakequote/groups/add
Stack Trace:
#0 /Users/sego/Sites/cakequote/lib/Cake/Routing/Dispatcher.php(186): Controller->invokeAction(Object(CakeRequest))
#1 /Users/sego/Sites/cakequote/lib/Cake/Routing/Dispatcher.php(161): Dispatcher->_invoke(Object(GroupsController), Object(CakeRequest), Object(CakeResponse))
#2 /Users/sego/Sites/cakequote/app/webroot/index.php(97): Dispatcher->dispatch(Object(CakeRequest), Object(CakeResponse))
#3 {main}
2013-02-22 10:49:36 Error: [MissingControllerException] Controller class AdminController could not be found.
Exception Attributes: array (
  'class' => 'AdminController',
  'plugin' => NULL,
)
Request URL: /cakequote/admin/
Stack Trace:
#0 /Users/sego/Sites/cakequote/app/webroot/index.php(97): Dispatcher->dispatch(Object(CakeRequest), Object(CakeResponse))
#1 {main}
2013-02-22 11:41:41 Error: [MissingControllerException] Controller class Index.htmlController could not be found.
Exception Attributes: array (
  'class' => 'Index.htmlController',
  'plugin' => NULL,
)
Request URL: /cakequote/index.html
Stack Trace:
#0 /Users/sego/Sites/cakequote/app/webroot/index.php(97): Dispatcher->dispatch(Object(CakeRequest), Object(CakeResponse))
#1 {main}
2013-02-22 11:57:08 Error: Fatal Error (4): syntax error, unexpected T_STRING in [/Users/sego/Sites/cakequote/app/View/Users/view.ctp, line 88]
2013-02-22 11:57:08 Error: [FatalErrorException] syntax error, unexpected T_STRING
Request URL: /cakequote/users/view/2
Stack Trace:
#0 /Users/sego/Sites/cakequote/lib/Cake/Error/ErrorHandler.php(183): ErrorHandler::handleFatalError(4, 'syntax error, u...', '/Users/sego/Sit...', 88)
#1 [internal function]: ErrorHandler::handleError(4, 'syntax error, u...', '/Users/sego/Sit...', 88, Array)
#2 /Users/sego/Sites/cakequote/lib/Cake/Core/App.php(926): call_user_func('ErrorHandler::h...', 4, 'syntax error, u...', '/Users/sego/Sit...', 88, Array)
#3 /Users/sego/Sites/cakequote/lib/Cake/Core/App.php(899): App::_checkFatalError()
#4 [internal function]: App::shutdown()
#5 {main}
2013-02-22 12:27:42 Error: [MissingActionException] Action GroupsController::view() could not be found.
Exception Attributes: array (
  'controller' => 'GroupsController',
  'action' => 'view',
)
Request URL: /cakequote/groups/view/1
Stack Trace:
#0 /Users/sego/Sites/cakequote/lib/Cake/Routing/Dispatcher.php(186): Controller->invokeAction(Object(CakeRequest))
#1 /Users/sego/Sites/cakequote/lib/Cake/Routing/Dispatcher.php(161): Dispatcher->_invoke(Object(GroupsController), Object(CakeRequest), Object(CakeResponse))
#2 /Users/sego/Sites/cakequote/app/webroot/index.php(97): Dispatcher->dispatch(Object(CakeRequest), Object(CakeResponse))
#3 {main}
2013-02-22 12:27:51 Error: [MissingActionException] Action GroupsController::view() could not be found.
Exception Attributes: array (
  'controller' => 'GroupsController',
  'action' => 'view',
)
Request URL: /cakequote/groups/view/3
Stack Trace:
#0 /Users/sego/Sites/cakequote/lib/Cake/Routing/Dispatcher.php(186): Controller->invokeAction(Object(CakeRequest))
#1 /Users/sego/Sites/cakequote/lib/Cake/Routing/Dispatcher.php(161): Dispatcher->_invoke(Object(GroupsController), Object(CakeRequest), Object(CakeResponse))
#2 /Users/sego/Sites/cakequote/app/webroot/index.php(97): Dispatcher->dispatch(Object(CakeRequest), Object(CakeResponse))
#3 {main}
2013-02-22 12:41:40 Error: [MissingActionException] Action GroupsController::view() could not be found.
Exception Attributes: array (
  'controller' => 'GroupsController',
  'action' => 'view',
)
Request URL: /cakequote/groups/view/1
Stack Trace:
#0 /Users/sego/Sites/cakequote/lib/Cake/Routing/Dispatcher.php(186): Controller->invokeAction(Object(CakeRequest))
#1 /Users/sego/Sites/cakequote/lib/Cake/Routing/Dispatcher.php(161): Dispatcher->_invoke(Object(GroupsController), Object(CakeRequest), Object(CakeResponse))
#2 /Users/sego/Sites/cakequote/app/webroot/index.php(97): Dispatcher->dispatch(Object(CakeRequest), Object(CakeResponse))
#3 {main}
2013-02-22 12:42:27 Error: Fatal Error (1): Call to undefined function echoh() in [/Users/sego/Sites/cakequote/app/View/Users/view.ctp, line 26]
2013-02-22 12:42:27 Error: [FatalErrorException] Call to undefined function echoh()
Request URL: /cakequote/users/view/1
Stack Trace:
#0 /Users/sego/Sites/cakequote/lib/Cake/Error/ErrorHandler.php(183): ErrorHandler::handleFatalError(1, 'Call to undefin...', '/Users/sego/Sit...', 26)
#1 [internal function]: ErrorHandler::handleError(1, 'Call to undefin...', '/Users/sego/Sit...', 26, Array)
#2 /Users/sego/Sites/cakequote/lib/Cake/Core/App.php(926): call_user_func('ErrorHandler::h...', 1, 'Call to undefin...', '/Users/sego/Sit...', 26, Array)
#3 /Users/sego/Sites/cakequote/lib/Cake/Core/App.php(899): App::_checkFatalError()
#4 [internal function]: App::shutdown()
#5 {main}
2013-02-22 13:05:04 Error: Fatal Error (4): syntax error, unexpected $end in [/Users/sego/Sites/cakequote/app/View/Users/view.ctp, line 83]
2013-02-22 13:05:04 Error: [FatalErrorException] syntax error, unexpected $end
Request URL: /cakequote/users/view/3
Stack Trace:
#0 /Users/sego/Sites/cakequote/lib/Cake/Error/ErrorHandler.php(183): ErrorHandler::handleFatalError(4, 'syntax error, u...', '/Users/sego/Sit...', 83)
#1 [internal function]: ErrorHandler::handleError(4, 'syntax error, u...', '/Users/sego/Sit...', 83, Array)
#2 /Users/sego/Sites/cakequote/lib/Cake/Core/App.php(926): call_user_func('ErrorHandler::h...', 4, 'syntax error, u...', '/Users/sego/Sit...', 83, Array)
#3 /Users/sego/Sites/cakequote/lib/Cake/Core/App.php(899): App::_checkFatalError()
#4 [internal function]: App::shutdown()
#5 {main}
